2021-03-01 09:01:43,995 INFO o.a.j.u.JMeterUtils: Setting Locale to en_EN
2021-03-01 09:01:44,592 INFO o.a.j.JMeter: Loading user properties from: /usr/local/Cellar/jmeter/5.4.1/libexec/bin/user.properties
2021-03-01 09:01:44,599 INFO o.a.j.JMeter: Loading system properties from: /usr/local/Cellar/jmeter/5.4.1/libexec/bin/system.properties
2021-03-01 09:01:44,648 INFO o.a.j.JMeter: Copyright (c) 1998-2021 The Apache Software Foundation
2021-03-01 09:01:44,648 INFO o.a.j.JMeter: Version 5.4.1
2021-03-01 09:01:44,648 INFO o.a.j.JMeter: java.version=15.0.1
2021-03-01 09:01:44,648 INFO o.a.j.JMeter: java.vm.name=OpenJDK 64-Bit Server VM
2021-03-01 09:01:44,648 INFO o.a.j.JMeter: os.name=Mac OS X
2021-03-01 09:01:44,648 INFO o.a.j.JMeter: os.arch=x86_64
2021-03-01 09:01:44,648 INFO o.a.j.JMeter: os.version=10.15.7
2021-03-01 09:01:44,648 INFO o.a.j.JMeter: file.encoding=UTF-8
2021-03-01 09:01:44,648 INFO o.a.j.JMeter: java.awt.headless=null
2021-03-01 09:01:44,649 INFO o.a.j.JMeter: Max memory     =1073741824
2021-03-01 09:01:44,649 INFO o.a.j.JMeter: Available Processors =4
2021-03-01 09:01:44,787 INFO o.a.j.JMeter: Default Locale=English (EN)
2021-03-01 09:01:44,787 INFO o.a.j.JMeter: JMeter  Locale=English (EN)
2021-03-01 09:01:44,788 INFO o.a.j.JMeter: JMeterHome=/usr/local/Cellar/jmeter/5.4.1/libexec
2021-03-01 09:01:44,788 INFO o.a.j.JMeter: user.dir  =/Users/nisp78/Desktop/testing
2021-03-01 09:01:44,788 INFO o.a.j.JMeter: PWD       =/Users/nisp78/Desktop/testing
2021-03-01 09:01:44,789 INFO o.a.j.JMeter: IP: 127.0.0.1 Name: iMac-di-Nicola.local FullName: localhost
2021-03-01 09:01:49,144 INFO o.a.j.JMeter: Setting LAF to: com.github.weisj.darklaf.DarkLaf:com.github.weisj.darklaf.theme.DarculaTheme
2021-03-01 09:01:54,468 INFO o.a.j.JMeter: Loaded icon properties from org/apache/jmeter/images/icon.properties
2021-03-01 09:02:02,054 INFO o.j.r.JARSourceHTTP: Requesting https://jmeter-plugins.org/repo/?installID=mac_os_x-f8f9c021c2222b33325051493d95a48b-gui
2021-03-01 09:02:08,605 WARN o.j.r.Plugin: Unable to load class: kg.apc.jmeter.reporters.LoadosophiaUploader
java.lang.NoClassDefFoundError: org/apache/jmeter/testelement/TestListener
	at java.lang.ClassLoader.defineClass1(Native Method) ~[?:?]
	at java.lang.ClassLoader.defineClass(ClassLoader.java:1016) ~[?:?]
	at java.security.SecureClassLoader.defineClass(SecureClassLoader.java:151) ~[?:?]
	at java.net.URLClassLoader.defineClass(URLClassLoader.java:514) ~[?:?]
	at java.net.URLClassLoader$1.run(URLClassLoader.java:422) ~[?:?]
	at java.net.URLClassLoader$1.run(URLClassLoader.java:416) ~[?:?]
	at java.security.AccessController.doPrivileged(AccessController.java:691) ~[?:?]
	at java.net.URLClassLoader.findClass(URLClassLoader.java:415) ~[?:?]
	at java.lang.ClassLoader.loadClass(ClassLoader.java:589) ~[?:?]
	at java.lang.ClassLoader.loadClass(ClassLoader.java:522) ~[?:?]
	at org.jmeterplugins.repository.Plugin.getJARPath(Plugin.java:202) [jmeter-plugins-manager-1.6.jar:?]
	at org.jmeterplugins.repository.Plugin.detectInstalledPlugin(Plugin.java:108) [jmeter-plugins-manager-1.6.jar:?]
	at org.jmeterplugins.repository.Plugin.detectInstalled(Plugin.java:97) [jmeter-plugins-manager-1.6.jar:?]
	at org.jmeterplugins.repository.PluginManager.load(PluginManager.java:86) [jmeter-plugins-manager-1.6.jar:?]
	at org.jmeterplugins.repository.PluginManagerMenuItem$1.run(PluginManagerMenuItem.java:38) [jmeter-plugins-manager-1.6.jar:?]
Caused by: java.lang.ClassNotFoundException: org.apache.jmeter.testelement.TestListener
	at java.net.URLClassLoader.findClass(URLClassLoader.java:435) ~[?:?]
	at java.lang.ClassLoader.loadClass(ClassLoader.java:589) ~[?:?]
	at java.lang.ClassLoader.loadClass(ClassLoader.java:522) ~[?:?]
	... 15 more
2021-03-01 09:02:08,697 WARN o.j.r.Plugin: Unable to load class: kg.apc.jmeter.reporters.AutoStop
java.lang.NoClassDefFoundError: org/apache/jmeter/testelement/TestListener
	at java.lang.ClassLoader.defineClass1(Native Method) ~[?:?]
	at java.lang.ClassLoader.defineClass(ClassLoader.java:1016) ~[?:?]
	at java.security.SecureClassLoader.defineClass(SecureClassLoader.java:151) ~[?:?]
	at java.net.URLClassLoader.defineClass(URLClassLoader.java:514) ~[?:?]
	at java.net.URLClassLoader$1.run(URLClassLoader.java:422) ~[?:?]
	at java.net.URLClassLoader$1.run(URLClassLoader.java:416) ~[?:?]
	at java.security.AccessController.doPrivileged(AccessController.java:691) ~[?:?]
	at java.net.URLClassLoader.findClass(URLClassLoader.java:415) ~[?:?]
	at java.lang.ClassLoader.loadClass(ClassLoader.java:589) ~[?:?]
	at java.lang.ClassLoader.loadClass(ClassLoader.java:522) ~[?:?]
	at org.jmeterplugins.repository.Plugin.getJARPath(Plugin.java:202) [jmeter-plugins-manager-1.6.jar:?]
	at org.jmeterplugins.repository.Plugin.detectInstalledPlugin(Plugin.java:108) [jmeter-plugins-manager-1.6.jar:?]
	at org.jmeterplugins.repository.Plugin.detectInstalled(Plugin.java:97) [jmeter-plugins-manager-1.6.jar:?]
	at org.jmeterplugins.repository.PluginManager.load(PluginManager.java:86) [jmeter-plugins-manager-1.6.jar:?]
	at org.jmeterplugins.repository.PluginManagerMenuItem$1.run(PluginManagerMenuItem.java:38) [jmeter-plugins-manager-1.6.jar:?]
Caused by: java.lang.ClassNotFoundException: org.apache.jmeter.testelement.TestListener
	at java.net.URLClassLoader.findClass(URLClassLoader.java:435) ~[?:?]
	at java.lang.ClassLoader.loadClass(ClassLoader.java:589) ~[?:?]
	at java.lang.ClassLoader.loadClass(ClassLoader.java:522) ~[?:?]
	... 15 more
2021-03-01 09:02:08,698 WARN o.j.r.Plugin: Unable to load class: kg.apc.jmeter.reporters.ConsoleStatusLogger
java.lang.NoClassDefFoundError: org/apache/jmeter/testelement/TestListener
	at java.lang.ClassLoader.defineClass1(Native Method) ~[?:?]
	at java.lang.ClassLoader.defineClass(ClassLoader.java:1016) ~[?:?]
	at java.security.SecureClassLoader.defineClass(SecureClassLoader.java:151) ~[?:?]
	at java.net.URLClassLoader.defineClass(URLClassLoader.java:514) ~[?:?]
	at java.net.URLClassLoader$1.run(URLClassLoader.java:422) ~[?:?]
	at java.net.URLClassLoader$1.run(URLClassLoader.java:416) ~[?:?]
	at java.security.AccessController.doPrivileged(AccessController.java:691) ~[?:?]
	at java.net.URLClassLoader.findClass(URLClassLoader.java:415) ~[?:?]
	at java.lang.ClassLoader.loadClass(ClassLoader.java:589) ~[?:?]
	at java.lang.ClassLoader.loadClass(ClassLoader.java:522) ~[?:?]
	at org.jmeterplugins.repository.Plugin.getJARPath(Plugin.java:202) [jmeter-plugins-manager-1.6.jar:?]
	at org.jmeterplugins.repository.Plugin.detectInstalledPlugin(Plugin.java:108) [jmeter-plugins-manager-1.6.jar:?]
	at org.jmeterplugins.repository.Plugin.detectInstalled(Plugin.java:97) [jmeter-plugins-manager-1.6.jar:?]
	at org.jmeterplugins.repository.PluginManager.load(PluginManager.java:86) [jmeter-plugins-manager-1.6.jar:?]
	at org.jmeterplugins.repository.PluginManagerMenuItem$1.run(PluginManagerMenuItem.java:38) [jmeter-plugins-manager-1.6.jar:?]
Caused by: java.lang.ClassNotFoundException: org.apache.jmeter.testelement.TestListener
	at java.net.URLClassLoader.findClass(URLClassLoader.java:435) ~[?:?]
	at java.lang.ClassLoader.loadClass(ClassLoader.java:589) ~[?:?]
	at java.lang.ClassLoader.loadClass(ClassLoader.java:522) ~[?:?]
	... 15 more
2021-03-01 09:02:08,701 WARN o.j.r.Plugin: Unable to load class: kg.apc.jmeter.reporters.FlexibleFileWriter
java.lang.NoClassDefFoundError: org/apache/jmeter/testelement/TestListener
	at java.lang.ClassLoader.defineClass1(Native Method) ~[?:?]
	at java.lang.ClassLoader.defineClass(ClassLoader.java:1016) ~[?:?]
	at java.security.SecureClassLoader.defineClass(SecureClassLoader.java:151) ~[?:?]
	at java.net.URLClassLoader.defineClass(URLClassLoader.java:514) ~[?:?]
	at java.net.URLClassLoader$1.run(URLClassLoader.java:422) ~[?:?]
	at java.net.URLClassLoader$1.run(URLClassLoader.java:416) ~[?:?]
	at java.security.AccessController.doPrivileged(AccessController.java:691) ~[?:?]
	at java.net.URLClassLoader.findClass(URLClassLoader.java:415) ~[?:?]
	at java.lang.ClassLoader.loadClass(ClassLoader.java:589) ~[?:?]
	at java.lang.ClassLoader.loadClass(ClassLoader.java:522) ~[?:?]
	at org.jmeterplugins.repository.Plugin.getJARPath(Plugin.java:202) [jmeter-plugins-manager-1.6.jar:?]
	at org.jmeterplugins.repository.Plugin.detectInstalledPlugin(Plugin.java:108) [jmeter-plugins-manager-1.6.jar:?]
	at org.jmeterplugins.repository.Plugin.detectInstalled(Plugin.java:97) [jmeter-plugins-manager-1.6.jar:?]
	at org.jmeterplugins.repository.PluginManager.load(PluginManager.java:86) [jmeter-plugins-manager-1.6.jar:?]
	at org.jmeterplugins.repository.PluginManagerMenuItem$1.run(PluginManagerMenuItem.java:38) [jmeter-plugins-manager-1.6.jar:?]
Caused by: java.lang.ClassNotFoundException: org.apache.jmeter.testelement.TestListener
	at java.net.URLClassLoader.findClass(URLClassLoader.java:435) ~[?:?]
	at java.lang.ClassLoader.loadClass(ClassLoader.java:589) ~[?:?]
	at java.lang.ClassLoader.loadClass(ClassLoader.java:522) ~[?:?]
	... 15 more
2021-03-01 09:02:08,717 WARN o.j.r.Plugin: Unable to load class: com.atlantbh.jmeter.plugins.jmstools.BinaryMessagepostProcessor
java.lang.NoClassDefFoundError: org/springframework/jms/core/MessagePostProcessor
	at java.lang.ClassLoader.defineClass1(Native Method) ~[?:?]
	at java.lang.ClassLoader.defineClass(ClassLoader.java:1016) ~[?:?]
	at java.security.SecureClassLoader.defineClass(SecureClassLoader.java:151) ~[?:?]
	at java.net.URLClassLoader.defineClass(URLClassLoader.java:514) ~[?:?]
	at java.net.URLClassLoader$1.run(URLClassLoader.java:422) ~[?:?]
	at java.net.URLClassLoader$1.run(URLClassLoader.java:416) ~[?:?]
	at java.security.AccessController.doPrivileged(AccessController.java:691) ~[?:?]
	at java.net.URLClassLoader.findClass(URLClassLoader.java:415) ~[?:?]
	at java.lang.ClassLoader.loadClass(ClassLoader.java:589) ~[?:?]
	at java.lang.ClassLoader.loadClass(ClassLoader.java:522) ~[?:?]
	at org.jmeterplugins.repository.Plugin.getJARPath(Plugin.java:202) [jmeter-plugins-manager-1.6.jar:?]
	at org.jmeterplugins.repository.Plugin.detectInstalledPlugin(Plugin.java:108) [jmeter-plugins-manager-1.6.jar:?]
	at org.jmeterplugins.repository.Plugin.detectInstalled(Plugin.java:97) [jmeter-plugins-manager-1.6.jar:?]
	at org.jmeterplugins.repository.PluginManager.load(PluginManager.java:86) [jmeter-plugins-manager-1.6.jar:?]
	at org.jmeterplugins.repository.PluginManagerMenuItem$1.run(PluginManagerMenuItem.java:38) [jmeter-plugins-manager-1.6.jar:?]
Caused by: java.lang.ClassNotFoundException: org.springframework.jms.core.MessagePostProcessor
	at java.net.URLClassLoader.findClass(URLClassLoader.java:435) ~[?:?]
	at java.lang.ClassLoader.loadClass(ClassLoader.java:589) ~[?:?]
	at java.lang.ClassLoader.loadClass(ClassLoader.java:522) ~[?:?]
	... 15 more
2021-03-01 09:02:08,719 WARN o.j.r.Plugin: Unable to load class: kg.apc.jmeter.config.LockFile
java.lang.NoClassDefFoundError: org/apache/jmeter/testelement/TestListener
	at java.lang.ClassLoader.defineClass1(Native Method) ~[?:?]
	at java.lang.ClassLoader.defineClass(ClassLoader.java:1016) ~[?:?]
	at java.security.SecureClassLoader.defineClass(SecureClassLoader.java:151) ~[?:?]
	at java.net.URLClassLoader.defineClass(URLClassLoader.java:514) ~[?:?]
	at java.net.URLClassLoader$1.run(URLClassLoader.java:422) ~[?:?]
	at java.net.URLClassLoader$1.run(URLClassLoader.java:416) ~[?:?]
	at java.security.AccessController.doPrivileged(AccessController.java:691) ~[?:?]
	at java.net.URLClassLoader.findClass(URLClassLoader.java:415) ~[?:?]
	at java.lang.ClassLoader.loadClass(ClassLoader.java:589) ~[?:?]
	at java.lang.ClassLoader.loadClass(ClassLoader.java:522) ~[?:?]
	at org.jmeterplugins.repository.Plugin.getJARPath(Plugin.java:202) [jmeter-plugins-manager-1.6.jar:?]
	at org.jmeterplugins.repository.Plugin.detectInstalledPlugin(Plugin.java:108) [jmeter-plugins-manager-1.6.jar:?]
	at org.jmeterplugins.repository.Plugin.detectInstalled(Plugin.java:97) [jmeter-plugins-manager-1.6.jar:?]
	at org.jmeterplugins.repository.PluginManager.load(PluginManager.java:86) [jmeter-plugins-manager-1.6.jar:?]
	at org.jmeterplugins.repository.PluginManagerMenuItem$1.run(PluginManagerMenuItem.java:38) [jmeter-plugins-manager-1.6.jar:?]
Caused by: java.lang.ClassNotFoundException: org.apache.jmeter.testelement.TestListener
	at java.net.URLClassLoader.findClass(URLClassLoader.java:435) ~[?:?]
	at java.lang.ClassLoader.loadClass(ClassLoader.java:589) ~[?:?]
	at java.lang.ClassLoader.loadClass(ClassLoader.java:522) ~[?:?]
	... 15 more
2021-03-01 09:02:08,720 WARN o.j.r.Plugin: Unable to load class: com.atlantbh.jmeter.plugins.oauth.OAuthSampler
java.lang.NoClassDefFoundError: org/apache/jmeter/protocol/http/sampler/HTTPSampler2
	at java.lang.ClassLoader.defineClass1(Native Method) ~[?:?]
	at java.lang.ClassLoader.defineClass(ClassLoader.java:1016) ~[?:?]
	at java.security.SecureClassLoader.defineClass(SecureClassLoader.java:151) ~[?:?]
	at java.net.URLClassLoader.defineClass(URLClassLoader.java:514) ~[?:?]
	at java.net.URLClassLoader$1.run(URLClassLoader.java:422) ~[?:?]
	at java.net.URLClassLoader$1.run(URLClassLoader.java:416) ~[?:?]
	at java.security.AccessController.doPrivileged(AccessController.java:691) ~[?:?]
	at java.net.URLClassLoader.findClass(URLClassLoader.java:415) ~[?:?]
	at java.lang.ClassLoader.loadClass(ClassLoader.java:589) ~[?:?]
	at java.lang.ClassLoader.loadClass(ClassLoader.java:522) ~[?:?]
	at org.jmeterplugins.repository.Plugin.getJARPath(Plugin.java:202) [jmeter-plugins-manager-1.6.jar:?]
	at org.jmeterplugins.repository.Plugin.detectInstalledPlugin(Plugin.java:108) [jmeter-plugins-manager-1.6.jar:?]
	at org.jmeterplugins.repository.Plugin.detectInstalled(Plugin.java:97) [jmeter-plugins-manager-1.6.jar:?]
	at org.jmeterplugins.repository.PluginManager.load(PluginManager.java:86) [jmeter-plugins-manager-1.6.jar:?]
	at org.jmeterplugins.repository.PluginManagerMenuItem$1.run(PluginManagerMenuItem.java:38) [jmeter-plugins-manager-1.6.jar:?]
Caused by: java.lang.ClassNotFoundException: org.apache.jmeter.protocol.http.sampler.HTTPSampler2
	at java.net.URLClassLoader.findClass(URLClassLoader.java:435) ~[?:?]
	at java.lang.ClassLoader.loadClass(ClassLoader.java:589) ~[?:?]
	at java.lang.ClassLoader.loadClass(ClassLoader.java:522) ~[?:?]
	... 15 more
2021-03-01 09:02:08,723 WARN o.j.r.Plugin: Unable to load class: kg.apc.jmeter.timers.VariableThroughputTimer
java.lang.NoClassDefFoundError: org/apache/jmeter/testelement/TestListener
	at java.lang.ClassLoader.defineClass1(Native Method) ~[?:?]
	at java.lang.ClassLoader.defineClass(ClassLoader.java:1016) ~[?:?]
	at java.security.SecureClassLoader.defineClass(SecureClassLoader.java:151) ~[?:?]
	at java.net.URLClassLoader.defineClass(URLClassLoader.java:514) ~[?:?]
	at java.net.URLClassLoader$1.run(URLClassLoader.java:422) ~[?:?]
	at java.net.URLClassLoader$1.run(URLClassLoader.java:416) ~[?:?]
	at java.security.AccessController.doPrivileged(AccessController.java:691) ~[?:?]
	at java.net.URLClassLoader.findClass(URLClassLoader.java:415) ~[?:?]
	at java.lang.ClassLoader.loadClass(ClassLoader.java:589) ~[?:?]
	at java.lang.ClassLoader.loadClass(ClassLoader.java:522) ~[?:?]
	at org.jmeterplugins.repository.Plugin.getJARPath(Plugin.java:202) [jmeter-plugins-manager-1.6.jar:?]
	at org.jmeterplugins.repository.Plugin.detectInstalledPlugin(Plugin.java:108) [jmeter-plugins-manager-1.6.jar:?]
	at org.jmeterplugins.repository.Plugin.detectInstalled(Plugin.java:97) [jmeter-plugins-manager-1.6.jar:?]
	at org.jmeterplugins.repository.PluginManager.load(PluginManager.java:86) [jmeter-plugins-manager-1.6.jar:?]
	at org.jmeterplugins.repository.PluginManagerMenuItem$1.run(PluginManagerMenuItem.java:38) [jmeter-plugins-manager-1.6.jar:?]
Caused by: java.lang.ClassNotFoundException: org.apache.jmeter.testelement.TestListener
	at java.net.URLClassLoader.findClass(URLClassLoader.java:435) ~[?:?]
	at java.lang.ClassLoader.loadClass(ClassLoader.java:589) ~[?:?]
	at java.lang.ClassLoader.loadClass(ClassLoader.java:522) ~[?:?]
	... 15 more
2021-03-01 09:02:08,731 INFO o.j.r.PluginManager: Plugins Status: [jpgc-graphs-basic=0.0.0-STOCK, jpgc-graphs-additional=0.0.0-STOCK, jpgc-cmd=0.0.0-STOCK, jpgc-graphs-composite=0.0.0-STOCK, jpgc-dbmon=0.0.0-STOCK, jpgc-graphs-dist=0.0.0-STOCK, jpgc-dummy=0.0.0-STOCK, jpgc-httpraw=0.0.0-STOCK, jpgc-hadoop=0.0.0-STOCK, jpgc-fifo=0.0.0-STOCK, jpgc-json=0.0.0-STOCK, jpgc-graphs-vs=0.0.0-STOCK, jpgc-pde=0.0.0-STOCK, jpgc-prmctl=0.0.0-STOCK, jpgc-perfmon=0.0.0-STOCK, jpgc-plugins-manager=1.6, jpgc-udp=0.0.0-STOCK, jpgc-csvars=0.0.0-STOCK, jpgc-xml=0.0.0-STOCK, jmeter-core=5.4.1, jmeter-ftp=5.4.1, jmeter-http=5.4.1, jmeter-jdbc=5.4.1, jmeter-jms=5.4.1, jmeter-junit=5.4.1, jmeter-java=5.4.1, jmeter-ldap=5.4.1, jmeter-mail=5.4.1, jmeter-mongodb=5.4.1, jmeter-native=5.4.1, jmeter-tcp=5.4.1, jmeter-components=5.4.1]
2021-03-01 09:02:08,732 INFO o.j.r.PluginManagerMenuItem: Plugins Manager has upgrades: [jpgc-graphs-basic, jpgc-graphs-additional, jpgc-cmd, jpgc-graphs-composite, jpgc-dbmon, jpgc-graphs-dist, jpgc-dummy, jpgc-httpraw, jpgc-hadoop, jpgc-fifo, jpgc-json, jpgc-graphs-vs, jpgc-pde, jpgc-prmctl, jpgc-perfmon, jpgc-udp, jpgc-csvars, jpgc-xml]
2021-03-01 09:02:54,691 INFO o.a.j.p.h.s.HTTPSamplerBase: Parser for text/html is org.apache.jmeter.protocol.http.parser.LagartoBasedHtmlParser
2021-03-01 09:02:54,721 INFO o.a.j.p.h.s.HTTPSamplerBase: Parser for application/xhtml+xml is org.apache.jmeter.protocol.http.parser.LagartoBasedHtmlParser
2021-03-01 09:02:54,722 INFO o.a.j.p.h.s.HTTPSamplerBase: Parser for application/xml is org.apache.jmeter.protocol.http.parser.LagartoBasedHtmlParser
2021-03-01 09:02:54,722 INFO o.a.j.p.h.s.HTTPSamplerBase: Parser for text/xml is org.apache.jmeter.protocol.http.parser.LagartoBasedHtmlParser
2021-03-01 09:02:54,722 INFO o.a.j.p.h.s.HTTPSamplerBase: Parser for text/vnd.wap.wml is org.apache.jmeter.protocol.http.parser.RegexpHTMLParser
2021-03-01 09:02:54,722 INFO o.a.j.p.h.s.HTTPSamplerBase: Parser for text/css is org.apache.jmeter.protocol.http.parser.CssParser
2021-03-01 09:06:16,541 INFO o.a.j.s.FileServer: Default base='/Users/nisp78/Desktop/testing'
2021-03-01 09:06:17,433 INFO o.a.j.s.FileServer: Set new base='/Users/nisp78/Desktop/testing'
2021-03-01 09:06:42,451 INFO o.a.j.s.SaveService: Testplan (JMX) version: 2.2. Testlog (JTL) version: 2.2
2021-03-01 09:06:43,624 INFO o.a.j.s.SaveService: Using SaveService properties version 5.0
2021-03-01 09:06:43,626 INFO o.a.j.s.SaveService: Using SaveService properties file encoding UTF-8
2021-03-01 09:06:43,977 INFO o.a.j.g.a.v.TreeClonerForValidation: Running validation with number of threads:1, ignoreTimers:true, number of iterations:1
2021-03-01 09:06:44,336 INFO o.a.j.e.StandardJMeterEngine: Running the test!
2021-03-01 09:06:44,387 INFO o.a.j.s.SampleEvent: List of sample_variables: []
2021-03-01 09:06:44,388 INFO o.a.j.s.SampleEvent: List of sample_variables: []
2021-03-01 09:06:44,389 INFO o.a.j.e.u.CompoundVariable: Note: Function class names must contain the string: '.functions.'
2021-03-01 09:06:44,390 INFO o.a.j.e.u.CompoundVariable: Note: Function class names must not contain the string: '.gui.'
2021-03-01 09:06:48,803 INFO o.a.j.g.u.JMeterMenuBar: setRunning(true, *local*)
2021-03-01 09:06:49,603 INFO o.a.j.e.StandardJMeterEngine: Starting ThreadGroup: 1 : Thread Group
2021-03-01 09:06:49,603 INFO o.a.j.e.StandardJMeterEngine: Starting 1 threads for group Thread Group.
2021-03-01 09:06:49,603 INFO o.a.j.e.StandardJMeterEngine: Thread will continue on error
2021-03-01 09:06:49,603 INFO o.a.j.t.ThreadGroup: Starting thread group... number=1 threads=1 ramp-up=1 delayedStart=false
2021-03-01 09:06:49,605 INFO o.a.j.t.ThreadGroup: Started thread group number 1
2021-03-01 09:06:49,605 INFO o.a.j.e.StandardJMeterEngine: All thread groups have been started
2021-03-01 09:06:49,605 INFO o.a.j.t.JMeterThread: Thread started: Thread Group 1-1
2021-03-01 09:06:49,716 INFO o.a.j.t.JMeterThread: Thread is done: Thread Group 1-1
2021-03-01 09:06:49,716 INFO o.a.j.t.JMeterThread: Thread finished: Thread Group 1-1
2021-03-01 09:06:49,717 INFO o.a.j.e.StandardJMeterEngine: Notifying test listeners of end of test
2021-03-01 09:06:49,717 INFO o.a.j.g.u.JMeterMenuBar: setRunning(false, *local*)
2021-03-01 09:07:42,226 INFO o.a.j.s.SampleResult: Note: Sample TimeStamps are START times
2021-03-01 09:07:42,226 INFO o.a.j.s.SampleResult: sampleresult.default.encoding is set to ISO-8859-1
2021-03-01 09:07:42,226 INFO o.a.j.s.SampleResult: sampleresult.useNanoTime=true
2021-03-01 09:07:42,226 INFO o.a.j.s.SampleResult: sampleresult.nanoThreadSleep=5000
2021-03-01 09:07:42,517 INFO o.a.j.v.ViewResultsFullVisualizer: Add JavaFX to your Java installation if you want to use renderer: org.apache.jmeter.visualizers.RenderInBrowser
2021-03-01 09:08:56,857 INFO o.a.j.e.StandardJMeterEngine: Running the test!
2021-03-01 09:08:56,858 INFO o.a.j.s.SampleEvent: List of sample_variables: []
2021-03-01 09:08:56,859 INFO o.a.j.g.u.JMeterMenuBar: setRunning(true, *local*)
2021-03-01 09:08:56,892 INFO o.a.j.e.StandardJMeterEngine: Starting ThreadGroup: 1 : Thread Group
2021-03-01 09:08:56,892 INFO o.a.j.e.StandardJMeterEngine: Starting 20 threads for group Thread Group.
2021-03-01 09:08:56,892 INFO o.a.j.e.StandardJMeterEngine: Thread will continue on error
2021-03-01 09:08:56,892 INFO o.a.j.t.ThreadGroup: Starting thread group... number=1 threads=20 ramp-up=1 delayedStart=false
2021-03-01 09:08:56,893 INFO o.a.j.t.JMeterThread: Thread started: Thread Group 1-1
2021-03-01 09:08:56,902 INFO o.a.j.t.ThreadGroup: Started thread group number 1
2021-03-01 09:08:56,902 INFO o.a.j.e.StandardJMeterEngine: All thread groups have been started
2021-03-01 09:08:56,943 INFO o.a.j.t.JMeterThread: Thread started: Thread Group 1-2
2021-03-01 09:08:56,946 INFO o.a.j.p.h.s.HTTPHCAbstractImpl: Local host = iMac-di-Nicola.local
2021-03-01 09:08:56,965 INFO o.a.j.p.h.s.HTTPHC4Impl: HTTP request retry count = 0
2021-03-01 09:08:56,997 INFO o.a.j.t.JMeterThread: Thread started: Thread Group 1-3
2021-03-01 09:08:57,047 INFO o.a.j.t.JMeterThread: Thread started: Thread Group 1-4
2021-03-01 09:08:57,093 INFO o.a.j.t.JMeterThread: Thread started: Thread Group 1-5
2021-03-01 09:08:57,144 INFO o.a.j.t.JMeterThread: Thread started: Thread Group 1-6
2021-03-01 09:08:57,197 INFO o.a.j.t.JMeterThread: Thread started: Thread Group 1-7
2021-03-01 09:08:57,246 INFO o.a.j.t.JMeterThread: Thread started: Thread Group 1-8
2021-03-01 09:08:57,293 INFO o.a.j.t.JMeterThread: Thread started: Thread Group 1-9
2021-03-01 09:08:57,313 INFO o.a.j.t.JMeterThread: Thread is done: Thread Group 1-5
2021-03-01 09:08:57,313 INFO o.a.j.t.JMeterThread: Thread is done: Thread Group 1-1
2021-03-01 09:08:57,313 INFO o.a.j.t.JMeterThread: Thread finished: Thread Group 1-5
2021-03-01 09:08:57,314 INFO o.a.j.t.JMeterThread: Thread is done: Thread Group 1-8
2021-03-01 09:08:57,314 INFO o.a.j.t.JMeterThread: Thread finished: Thread Group 1-8
2021-03-01 09:08:57,314 INFO o.a.j.t.JMeterThread: Thread is done: Thread Group 1-3
2021-03-01 09:08:57,314 INFO o.a.j.t.JMeterThread: Thread finished: Thread Group 1-3
2021-03-01 09:08:57,314 INFO o.a.j.t.JMeterThread: Thread is done: Thread Group 1-9
2021-03-01 09:08:57,314 INFO o.a.j.t.JMeterThread: Thread finished: Thread Group 1-9
2021-03-01 09:08:57,314 INFO o.a.j.t.JMeterThread: Thread is done: Thread Group 1-2
2021-03-01 09:08:57,314 INFO o.a.j.t.JMeterThread: Thread finished: Thread Group 1-2
2021-03-01 09:08:57,314 INFO o.a.j.t.JMeterThread: Thread is done: Thread Group 1-4
2021-03-01 09:08:57,314 INFO o.a.j.t.JMeterThread: Thread finished: Thread Group 1-1
2021-03-01 09:08:57,313 INFO o.a.j.t.JMeterThread: Thread is done: Thread Group 1-6
2021-03-01 09:08:57,315 INFO o.a.j.t.JMeterThread: Thread finished: Thread Group 1-6
2021-03-01 09:08:57,314 INFO o.a.j.t.JMeterThread: Thread finished: Thread Group 1-4
2021-03-01 09:08:57,313 INFO o.a.j.t.JMeterThread: Thread is done: Thread Group 1-7
2021-03-01 09:08:57,315 INFO o.a.j.t.JMeterThread: Thread finished: Thread Group 1-7
2021-03-01 09:08:57,349 INFO o.a.j.t.JMeterThread: Thread started: Thread Group 1-10
2021-03-01 09:08:57,353 INFO o.a.j.t.JMeterThread: Thread is done: Thread Group 1-10
2021-03-01 09:08:57,353 INFO o.a.j.t.JMeterThread: Thread finished: Thread Group 1-10
2021-03-01 09:08:57,396 INFO o.a.j.t.JMeterThread: Thread started: Thread Group 1-11
2021-03-01 09:08:57,401 INFO o.a.j.t.JMeterThread: Thread is done: Thread Group 1-11
2021-03-01 09:08:57,401 INFO o.a.j.t.JMeterThread: Thread finished: Thread Group 1-11
2021-03-01 09:08:57,448 INFO o.a.j.t.JMeterThread: Thread started: Thread Group 1-12
2021-03-01 09:08:57,452 INFO o.a.j.t.JMeterThread: Thread is done: Thread Group 1-12
2021-03-01 09:08:57,452 INFO o.a.j.t.JMeterThread: Thread finished: Thread Group 1-12
2021-03-01 09:08:57,494 INFO o.a.j.t.JMeterThread: Thread started: Thread Group 1-13
2021-03-01 09:08:57,498 INFO o.a.j.t.JMeterThread: Thread is done: Thread Group 1-13
2021-03-01 09:08:57,498 INFO o.a.j.t.JMeterThread: Thread finished: Thread Group 1-13
2021-03-01 09:08:57,548 INFO o.a.j.t.JMeterThread: Thread started: Thread Group 1-14
2021-03-01 09:08:57,552 INFO o.a.j.t.JMeterThread: Thread is done: Thread Group 1-14
2021-03-01 09:08:57,552 INFO o.a.j.t.JMeterThread: Thread finished: Thread Group 1-14
2021-03-01 09:08:57,593 INFO o.a.j.t.JMeterThread: Thread started: Thread Group 1-15
2021-03-01 09:08:57,597 INFO o.a.j.t.JMeterThread: Thread is done: Thread Group 1-15
2021-03-01 09:08:57,598 INFO o.a.j.t.JMeterThread: Thread finished: Thread Group 1-15
2021-03-01 09:08:57,646 INFO o.a.j.t.JMeterThread: Thread started: Thread Group 1-16
2021-03-01 09:08:57,649 INFO o.a.j.t.JMeterThread: Thread is done: Thread Group 1-16
2021-03-01 09:08:57,650 INFO o.a.j.t.JMeterThread: Thread finished: Thread Group 1-16
2021-03-01 09:08:57,698 INFO o.a.j.t.JMeterThread: Thread started: Thread Group 1-17
2021-03-01 09:08:57,702 INFO o.a.j.t.JMeterThread: Thread is done: Thread Group 1-17
2021-03-01 09:08:57,702 INFO o.a.j.t.JMeterThread: Thread finished: Thread Group 1-17
2021-03-01 09:08:57,744 INFO o.a.j.t.JMeterThread: Thread started: Thread Group 1-18
2021-03-01 09:08:57,748 INFO o.a.j.t.JMeterThread: Thread is done: Thread Group 1-18
2021-03-01 09:08:57,748 INFO o.a.j.t.JMeterThread: Thread finished: Thread Group 1-18
2021-03-01 09:08:57,797 INFO o.a.j.t.JMeterThread: Thread started: Thread Group 1-19
2021-03-01 09:08:57,801 INFO o.a.j.t.JMeterThread: Thread is done: Thread Group 1-19
2021-03-01 09:08:57,801 INFO o.a.j.t.JMeterThread: Thread finished: Thread Group 1-19
2021-03-01 09:08:57,846 INFO o.a.j.t.JMeterThread: Thread started: Thread Group 1-20
2021-03-01 09:08:57,850 INFO o.a.j.t.JMeterThread: Thread is done: Thread Group 1-20
2021-03-01 09:08:57,850 INFO o.a.j.t.JMeterThread: Thread finished: Thread Group 1-20
2021-03-01 09:08:57,850 INFO o.a.j.e.StandardJMeterEngine: Notifying test listeners of end of test
2021-03-01 09:08:57,851 INFO o.a.j.g.u.JMeterMenuBar: setRunning(false, *local*)
2021-03-01 09:14:13,629 INFO o.a.j.e.StandardJMeterEngine: Running the test!
2021-03-01 09:14:13,630 INFO o.a.j.s.SampleEvent: List of sample_variables: []
2021-03-01 09:14:13,630 INFO o.a.j.g.u.JMeterMenuBar: setRunning(true, *local*)
2021-03-01 09:14:13,672 INFO o.a.j.e.StandardJMeterEngine: Starting ThreadGroup: 1 : Thread Group
2021-03-01 09:14:13,672 INFO o.a.j.e.StandardJMeterEngine: Starting 20 threads for group Thread Group.
2021-03-01 09:14:13,672 INFO o.a.j.e.StandardJMeterEngine: Thread will continue on error
2021-03-01 09:14:13,672 INFO o.a.j.t.ThreadGroup: Starting thread group... number=1 threads=20 ramp-up=1 delayedStart=false
2021-03-01 09:14:13,673 INFO o.a.j.t.JMeterThread: Thread started: Thread Group 1-1
2021-03-01 09:14:13,681 INFO o.a.j.t.JMeterThread: Thread is done: Thread Group 1-1
2021-03-01 09:14:13,681 INFO o.a.j.t.JMeterThread: Thread finished: Thread Group 1-1
2021-03-01 09:14:13,683 INFO o.a.j.t.ThreadGroup: Started thread group number 1
2021-03-01 09:14:13,684 INFO o.a.j.e.StandardJMeterEngine: All thread groups have been started
2021-03-01 09:14:13,730 INFO o.a.j.t.JMeterThread: Thread started: Thread Group 1-2
2021-03-01 09:14:13,735 INFO o.a.j.t.JMeterThread: Thread is done: Thread Group 1-2
2021-03-01 09:14:13,735 INFO o.a.j.t.JMeterThread: Thread finished: Thread Group 1-2
2021-03-01 09:14:13,777 INFO o.a.j.t.JMeterThread: Thread started: Thread Group 1-3
2021-03-01 09:14:13,781 INFO o.a.j.t.JMeterThread: Thread is done: Thread Group 1-3
2021-03-01 09:14:13,781 INFO o.a.j.t.JMeterThread: Thread finished: Thread Group 1-3
2021-03-01 09:14:13,830 INFO o.a.j.t.JMeterThread: Thread started: Thread Group 1-4
2021-03-01 09:14:13,833 INFO o.a.j.t.JMeterThread: Thread is done: Thread Group 1-4
2021-03-01 09:14:13,834 INFO o.a.j.t.JMeterThread: Thread finished: Thread Group 1-4
2021-03-01 09:14:13,876 INFO o.a.j.t.JMeterThread: Thread started: Thread Group 1-5
2021-03-01 09:14:13,880 INFO o.a.j.t.JMeterThread: Thread is done: Thread Group 1-5
2021-03-01 09:14:13,880 INFO o.a.j.t.JMeterThread: Thread finished: Thread Group 1-5
2021-03-01 09:14:13,932 INFO o.a.j.t.JMeterThread: Thread started: Thread Group 1-6
2021-03-01 09:14:13,935 INFO o.a.j.t.JMeterThread: Thread is done: Thread Group 1-6
2021-03-01 09:14:13,936 INFO o.a.j.t.JMeterThread: Thread finished: Thread Group 1-6
2021-03-01 09:14:13,977 INFO o.a.j.t.JMeterThread: Thread started: Thread Group 1-7
2021-03-01 09:14:13,981 INFO o.a.j.t.JMeterThread: Thread is done: Thread Group 1-7
2021-03-01 09:14:13,981 INFO o.a.j.t.JMeterThread: Thread finished: Thread Group 1-7
2021-03-01 09:14:14,025 INFO o.a.j.t.JMeterThread: Thread started: Thread Group 1-8
2021-03-01 09:14:14,029 INFO o.a.j.t.JMeterThread: Thread is done: Thread Group 1-8
2021-03-01 09:14:14,029 INFO o.a.j.t.JMeterThread: Thread finished: Thread Group 1-8
2021-03-01 09:14:14,074 INFO o.a.j.t.JMeterThread: Thread started: Thread Group 1-9
2021-03-01 09:14:14,078 INFO o.a.j.t.JMeterThread: Thread is done: Thread Group 1-9
2021-03-01 09:14:14,078 INFO o.a.j.t.JMeterThread: Thread finished: Thread Group 1-9
2021-03-01 09:14:14,127 INFO o.a.j.t.JMeterThread: Thread started: Thread Group 1-10
2021-03-01 09:14:14,130 INFO o.a.j.t.JMeterThread: Thread is done: Thread Group 1-10
2021-03-01 09:14:14,131 INFO o.a.j.t.JMeterThread: Thread finished: Thread Group 1-10
2021-03-01 09:14:14,175 INFO o.a.j.t.JMeterThread: Thread started: Thread Group 1-11
2021-03-01 09:14:14,179 INFO o.a.j.t.JMeterThread: Thread is done: Thread Group 1-11
2021-03-01 09:14:14,179 INFO o.a.j.t.JMeterThread: Thread finished: Thread Group 1-11
2021-03-01 09:14:14,228 INFO o.a.j.t.JMeterThread: Thread started: Thread Group 1-12
2021-03-01 09:14:14,232 INFO o.a.j.t.JMeterThread: Thread is done: Thread Group 1-12
2021-03-01 09:14:14,232 INFO o.a.j.t.JMeterThread: Thread finished: Thread Group 1-12
2021-03-01 09:14:14,274 INFO o.a.j.t.JMeterThread: Thread started: Thread Group 1-13
2021-03-01 09:14:14,278 INFO o.a.j.t.JMeterThread: Thread is done: Thread Group 1-13
2021-03-01 09:14:14,278 INFO o.a.j.t.JMeterThread: Thread finished: Thread Group 1-13
2021-03-01 09:14:14,329 INFO o.a.j.t.JMeterThread: Thread started: Thread Group 1-14
2021-03-01 09:14:14,333 INFO o.a.j.t.JMeterThread: Thread is done: Thread Group 1-14
2021-03-01 09:14:14,333 INFO o.a.j.t.JMeterThread: Thread finished: Thread Group 1-14
2021-03-01 09:14:14,374 INFO o.a.j.t.JMeterThread: Thread started: Thread Group 1-15
2021-03-01 09:14:14,379 INFO o.a.j.t.JMeterThread: Thread is done: Thread Group 1-15
2021-03-01 09:14:14,379 INFO o.a.j.t.JMeterThread: Thread finished: Thread Group 1-15
2021-03-01 09:14:14,425 INFO o.a.j.t.JMeterThread: Thread started: Thread Group 1-16
2021-03-01 09:14:14,429 INFO o.a.j.t.JMeterThread: Thread is done: Thread Group 1-16
2021-03-01 09:14:14,429 INFO o.a.j.t.JMeterThread: Thread finished: Thread Group 1-16
2021-03-01 09:14:14,476 INFO o.a.j.t.JMeterThread: Thread started: Thread Group 1-17
2021-03-01 09:14:14,480 INFO o.a.j.t.JMeterThread: Thread is done: Thread Group 1-17
2021-03-01 09:14:14,480 INFO o.a.j.t.JMeterThread: Thread finished: Thread Group 1-17
2021-03-01 09:14:14,527 INFO o.a.j.t.JMeterThread: Thread started: Thread Group 1-18
2021-03-01 09:14:14,531 INFO o.a.j.t.JMeterThread: Thread is done: Thread Group 1-18
2021-03-01 09:14:14,532 INFO o.a.j.t.JMeterThread: Thread finished: Thread Group 1-18
2021-03-01 09:14:14,577 INFO o.a.j.t.JMeterThread: Thread started: Thread Group 1-19
2021-03-01 09:14:14,580 INFO o.a.j.t.JMeterThread: Thread is done: Thread Group 1-19
2021-03-01 09:14:14,581 INFO o.a.j.t.JMeterThread: Thread finished: Thread Group 1-19
2021-03-01 09:14:14,629 INFO o.a.j.t.JMeterThread: Thread started: Thread Group 1-20
2021-03-01 09:14:14,632 INFO o.a.j.t.JMeterThread: Thread is done: Thread Group 1-20
2021-03-01 09:14:14,633 INFO o.a.j.t.JMeterThread: Thread finished: Thread Group 1-20
2021-03-01 09:14:14,633 INFO o.a.j.e.StandardJMeterEngine: Notifying test listeners of end of test
2021-03-01 09:14:14,633 INFO o.a.j.g.u.JMeterMenuBar: setRunning(false, *local*)
2021-03-01 09:15:01,577 INFO o.a.j.e.StandardJMeterEngine: Running the test!
2021-03-01 09:15:01,578 INFO o.a.j.s.SampleEvent: List of sample_variables: []
2021-03-01 09:15:01,578 INFO o.a.j.g.u.JMeterMenuBar: setRunning(true, *local*)
2021-03-01 09:15:01,614 INFO o.a.j.e.StandardJMeterEngine: Starting ThreadGroup: 1 : Thread Group
2021-03-01 09:15:01,614 INFO o.a.j.e.StandardJMeterEngine: Starting 20 threads for group Thread Group.
2021-03-01 09:15:01,614 INFO o.a.j.e.StandardJMeterEngine: Thread will continue on error
2021-03-01 09:15:01,614 INFO o.a.j.t.ThreadGroup: Starting thread group... number=1 threads=20 ramp-up=1 delayedStart=false
2021-03-01 09:15:01,615 INFO o.a.j.t.JMeterThread: Thread started: Thread Group 1-1
2021-03-01 09:15:01,621 INFO o.a.j.t.JMeterThread: Thread is done: Thread Group 1-1
2021-03-01 09:15:01,621 INFO o.a.j.t.JMeterThread: Thread finished: Thread Group 1-1
2021-03-01 09:15:01,625 INFO o.a.j.t.ThreadGroup: Started thread group number 1
2021-03-01 09:15:01,625 INFO o.a.j.e.StandardJMeterEngine: All thread groups have been started
2021-03-01 09:15:01,666 INFO o.a.j.t.JMeterThread: Thread started: Thread Group 1-2
2021-03-01 09:15:01,669 INFO o.a.j.t.JMeterThread: Thread is done: Thread Group 1-2
2021-03-01 09:15:01,669 INFO o.a.j.t.JMeterThread: Thread finished: Thread Group 1-2
2021-03-01 09:15:01,719 INFO o.a.j.t.JMeterThread: Thread started: Thread Group 1-3
2021-03-01 09:15:01,723 INFO o.a.j.t.JMeterThread: Thread is done: Thread Group 1-3
2021-03-01 09:15:01,723 INFO o.a.j.t.JMeterThread: Thread finished: Thread Group 1-3
2021-03-01 09:15:01,771 INFO o.a.j.t.JMeterThread: Thread started: Thread Group 1-4
2021-03-01 09:15:01,775 INFO o.a.j.t.JMeterThread: Thread is done: Thread Group 1-4
2021-03-01 09:15:01,775 INFO o.a.j.t.JMeterThread: Thread finished: Thread Group 1-4
2021-03-01 09:15:01,820 INFO o.a.j.t.JMeterThread: Thread started: Thread Group 1-5
2021-03-01 09:15:01,824 INFO o.a.j.t.JMeterThread: Thread is done: Thread Group 1-5
2021-03-01 09:15:01,824 INFO o.a.j.t.JMeterThread: Thread finished: Thread Group 1-5
2021-03-01 09:15:01,865 INFO o.a.j.t.JMeterThread: Thread started: Thread Group 1-6
2021-03-01 09:15:01,869 INFO o.a.j.t.JMeterThread: Thread is done: Thread Group 1-6
2021-03-01 09:15:01,869 INFO o.a.j.t.JMeterThread: Thread finished: Thread Group 1-6
2021-03-01 09:15:01,917 INFO o.a.j.t.JMeterThread: Thread started: Thread Group 1-7
2021-03-01 09:15:01,920 INFO o.a.j.t.JMeterThread: Thread is done: Thread Group 1-7
2021-03-01 09:15:01,921 INFO o.a.j.t.JMeterThread: Thread finished: Thread Group 1-7
2021-03-01 09:15:01,966 INFO o.a.j.t.JMeterThread: Thread started: Thread Group 1-8
2021-03-01 09:15:01,969 INFO o.a.j.t.JMeterThread: Thread is done: Thread Group 1-8
2021-03-01 09:15:01,969 INFO o.a.j.t.JMeterThread: Thread finished: Thread Group 1-8
2021-03-01 09:15:02,015 INFO o.a.j.t.JMeterThread: Thread started: Thread Group 1-9
2021-03-01 09:15:02,018 INFO o.a.j.t.JMeterThread: Thread is done: Thread Group 1-9
2021-03-01 09:15:02,019 INFO o.a.j.t.JMeterThread: Thread finished: Thread Group 1-9
2021-03-01 09:15:02,065 INFO o.a.j.t.JMeterThread: Thread started: Thread Group 1-10
2021-03-01 09:15:02,069 INFO o.a.j.t.JMeterThread: Thread is done: Thread Group 1-10
2021-03-01 09:15:02,070 INFO o.a.j.t.JMeterThread: Thread finished: Thread Group 1-10
2021-03-01 09:15:02,117 INFO o.a.j.t.JMeterThread: Thread started: Thread Group 1-11
2021-03-01 09:15:02,121 INFO o.a.j.t.JMeterThread: Thread is done: Thread Group 1-11
2021-03-01 09:15:02,121 INFO o.a.j.t.JMeterThread: Thread finished: Thread Group 1-11
2021-03-01 09:15:02,166 INFO o.a.j.t.JMeterThread: Thread started: Thread Group 1-12
2021-03-01 09:15:02,170 INFO o.a.j.t.JMeterThread: Thread is done: Thread Group 1-12
2021-03-01 09:15:02,171 INFO o.a.j.t.JMeterThread: Thread finished: Thread Group 1-12
2021-03-01 09:15:02,220 INFO o.a.j.t.JMeterThread: Thread started: Thread Group 1-13
2021-03-01 09:15:02,224 INFO o.a.j.t.JMeterThread: Thread is done: Thread Group 1-13
2021-03-01 09:15:02,224 INFO o.a.j.t.JMeterThread: Thread finished: Thread Group 1-13
2021-03-01 09:15:02,266 INFO o.a.j.t.JMeterThread: Thread started: Thread Group 1-14
2021-03-01 09:15:02,270 INFO o.a.j.t.JMeterThread: Thread is done: Thread Group 1-14
2021-03-01 09:15:02,270 INFO o.a.j.t.JMeterThread: Thread finished: Thread Group 1-14
2021-03-01 09:15:02,319 INFO o.a.j.t.JMeterThread: Thread started: Thread Group 1-15
2021-03-01 09:15:02,323 INFO o.a.j.t.JMeterThread: Thread is done: Thread Group 1-15
2021-03-01 09:15:02,323 INFO o.a.j.t.JMeterThread: Thread finished: Thread Group 1-15
2021-03-01 09:15:02,365 INFO o.a.j.t.JMeterThread: Thread started: Thread Group 1-16
2021-03-01 09:15:02,368 INFO o.a.j.t.JMeterThread: Thread is done: Thread Group 1-16
2021-03-01 09:15:02,368 INFO o.a.j.t.JMeterThread: Thread finished: Thread Group 1-16
2021-03-01 09:15:02,420 INFO o.a.j.t.JMeterThread: Thread started: Thread Group 1-17
2021-03-01 09:15:02,423 INFO o.a.j.t.JMeterThread: Thread is done: Thread Group 1-17
2021-03-01 09:15:02,424 INFO o.a.j.t.JMeterThread: Thread finished: Thread Group 1-17
2021-03-01 09:15:02,470 INFO o.a.j.t.JMeterThread: Thread started: Thread Group 1-18
2021-03-01 09:15:02,473 INFO o.a.j.t.JMeterThread: Thread is done: Thread Group 1-18
2021-03-01 09:15:02,473 INFO o.a.j.t.JMeterThread: Thread finished: Thread Group 1-18
2021-03-01 09:15:02,518 INFO o.a.j.t.JMeterThread: Thread started: Thread Group 1-19
2021-03-01 09:15:02,521 INFO o.a.j.t.JMeterThread: Thread is done: Thread Group 1-19
2021-03-01 09:15:02,521 INFO o.a.j.t.JMeterThread: Thread finished: Thread Group 1-19
2021-03-01 09:15:02,568 INFO o.a.j.t.JMeterThread: Thread started: Thread Group 1-20
2021-03-01 09:15:02,571 INFO o.a.j.t.JMeterThread: Thread is done: Thread Group 1-20
2021-03-01 09:15:02,571 INFO o.a.j.t.JMeterThread: Thread finished: Thread Group 1-20
2021-03-01 09:15:02,572 INFO o.a.j.e.StandardJMeterEngine: Notifying test listeners of end of test
2021-03-01 09:15:02,572 INFO o.a.j.g.u.JMeterMenuBar: setRunning(false, *local*)
